This file contains any messages produced by compilers while
running configure, to aid debugging if configure makes a mistake.

It was created by configure, which was
generated by GNU Autoconf 2.57.  Invocation command line was

  $ ./configure --disable-shared

## --------- ##
## Platform. ##
## --------- ##

hostname = hiryu
uname -m = x86_64
uname -r = 6.5.0-28-generic
uname -s = Linux
uname -v = #29~22.04.1-Ubuntu SMP PREEMPT_DYNAMIC Thu Apr  4 14:39:20 UTC 2

/usr/bin/uname -p = x86_64
/bin/uname -X     = unknown

/bin/arch              = x86_64
/usr/bin/arch -k       = unknown
/usr/convex/getsysinfo = unknown
hostinfo               = unknown
/bin/machine           = unknown
/usr/bin/oslevel       = unknown
/bin/universe          = unknown

PATH: /home/hiryu/.local/bin
PATH: /usr/local/sbin
PATH: /usr/local/bin
PATH: /usr/sbin
PATH: /usr/bin
PATH: /sbin
PATH: /bin
PATH: /usr/games
PATH: /usr/local/games
PATH: /snap/bin
PATH: /snap/bin


## ----------- ##
## Core tests. ##
## ----------- ##

configure:1496: checking for gcc
configure:1522: result: cc
configure:1766: checking for C compiler version
configure:1769: cc --version </dev/null >&5
cc (Ubuntu 11.4.0-1ubuntu1~22.04) 11.4.0
Copyright (C) 2021 Free Software Foundation, Inc.
This is free software; see the source for copying conditions.  There is NO
warranty; not even for MERCHANTABILITY or FITNESS FOR A PARTICULAR PURPOSE.

configure:1772: $? = 0
configure:1774: cc -v </dev/null >&5
Using built-in specs.
COLLECT_GCC=cc
COLLECT_LTO_WRAPPER=/usr/lib/gcc/x86_64-linux-gnu/11/lto-wrapper
OFFLOAD_TARGET_NAMES=nvptx-none:amdgcn-amdhsa
OFFLOAD_TARGET_DEFAULT=1
Target: x86_64-linux-gnu
Configured with: ../src/configure -v --with-pkgversion='Ubuntu 11.4.0-1ubuntu1~22.04' --with-bugurl=file:///usr/share/doc/gcc-11/README.Bugs --enable-languages=c,ada,c++,go,brig,d,fortran,objc,obj-c++,m2 --prefix=/usr --with-gcc-major-version-only --program-suffix=-11 --program-prefix=x86_64-linux-gnu- --enable-shared --enable-linker-build-id --libexecdir=/usr/lib --without-included-gettext --enable-threads=posix --libdir=/usr/lib --enable-nls --enable-bootstrap --enable-clocale=gnu --enable-libstdcxx-debug --enable-libstdcxx-time=yes --with-default-libstdcxx-abi=new --enable-gnu-unique-object --disable-vtable-verify --enable-plugin --enable-default-pie --with-system-zlib --enable-libphobos-checking=release --with-target-system-zlib=auto --enable-objc-gc=auto --enable-multiarch --disable-werror --enable-cet --with-arch-32=i686 --with-abi=m64 --with-multilib-list=m32,m64,mx32 --enable-multilib --with-tune=generic --enable-offload-targets=nvptx-none=/build/gcc-11-XeT9lY/gcc-11-11.4.0/debian/tmp-nvptx/usr,amdgcn-amdhsa=/build/gcc-11-XeT9lY/gcc-11-11.4.0/debian/tmp-gcn/usr --without-cuda-driver --enable-checking=release --build=x86_64-linux-gnu --host=x86_64-linux-gnu --target=x86_64-linux-gnu --with-build-config=bootstrap-lto-lean --enable-link-serialization=2
Thread model: posix
Supported LTO compression algorithms: zlib zstd
gcc version 11.4.0 (Ubuntu 11.4.0-1ubuntu1~22.04) 
configure:1777: $? = 0
configure:1779: cc -V </dev/null >&5
cc: error: unrecognized command-line option '-V'
cc: fatal error: no input files
compilation terminated.
configure:1782: $? = 1
configure:1806: checking for C compiler default output
configure:1809: cc -O2 -fomit-frame-pointer -pipe    conftest.c  >&5
configure:1812: $? = 0
configure:1858: result: a.out
configure:1863: checking whether the C compiler works
configure:1869: ./a.out
configure:1872: $? = 0
configure:1889: result: yes
configure:1896: checking whether we are cross compiling
configure:1898: result: no
configure:1901: checking for suffix of executables
configure:1903: cc -o conftest -O2 -fomit-frame-pointer -pipe    conftest.c  >&5
configure:1906: $? = 0
configure:1931: result: 
configure:1937: checking for suffix of object files
configure:1959: cc -c -O2 -fomit-frame-pointer -pipe   conftest.c >&5
configure:1962: $? = 0
configure:1984: result: o
configure:1988: checking whether we are using the GNU C compiler
configure:2013: cc -c -O2 -fomit-frame-pointer -pipe   conftest.c >&5
configure:2016: $? = 0
configure:2019: test -s conftest.o
configure:2022: $? = 0
configure:2035: result: yes
configure:2041: checking whether cc accepts -g
configure:2063: cc -c -g  conftest.c >&5
configure:2066: $? = 0
configure:2069: test -s conftest.o
configure:2072: $? = 0
configure:2083: result: yes
configure:2100: checking for cc option to accept ANSI C
configure:2161: cc  -c -O2 -fomit-frame-pointer -pipe   conftest.c >&5
configure:2164: $? = 0
configure:2167: test -s conftest.o
configure:2170: $? = 0
configure:2188: result: none needed
configure:2206: cc -c -O2 -fomit-frame-pointer -pipe   conftest.c >&5
conftest.c:2:3: error: unknown type name 'choke'
    2 |   choke me
      |   ^~~~~
conftest.c:2:3: error: expected '=', ',', ';', 'asm' or '__attribute__' at end of input
configure:2209: $? = 1
configure: failed program was:
| #ifndef __cplusplus
|   choke me
| #endif
configure:2355: checking for a BSD-compatible install
configure:2409: result: /usr/bin/install -c
configure:2493: checking build system type
configure:2511: result: x86_64-unknown-linux-gnu
configure:2519: checking host system type
configure:2533: result: x86_64-unknown-linux-gnu
configure:2552: checking for ld used by GCC
configure:2615: result: /usr/bin/ld
configure:2624: checking if the linker (/usr/bin/ld) is GNU ld
GNU ld (GNU Binutils for Ubuntu) 2.38
configure:2636: result: yes
configure:2641: checking for /usr/bin/ld option to reload object files
configure:2648: result: -r
configure:2653: checking for BSD-compatible nm
configure:2689: result: /usr/bin/nm -B
configure:2692: checking whether ln -s works
configure:2696: result: yes
configure:2703: checking how to recognise dependant libraries
configure:2871: result: file_magic ELF [0-9][0-9]*-bit [LM]SB (shared object|dynamic lib )
configure:2884: checking command to parse /usr/bin/nm -B output
configure:2961: cc -c -O2 -fomit-frame-pointer -pipe   conftest.c >&5
configure:2964: $? = 0
configure:2968: /usr/bin/nm -B conftest.o \| sed -n -e 's/^.*[ 	]\([ABCDGISTW][ABCDGISTW]*\)[ 	][ 	]*\(\)\([_A-Za-z][_A-Za-z0-9]*\)$/\1 \2\3 \3/p' \> conftest.nm
configure:2971: $? = 0
configure:3023: cc -o conftest -O2 -fomit-frame-pointer -pipe    conftest.c conftstm.o >&5
configure:3026: $? = 0
configure:3067: result: ok
configure:3076: checking how to run the C preprocessor
configure:3112: cc -E  conftest.c
configure:3118: $? = 0
configure:3150: cc -E  conftest.c
configure:3149:10: fatal error: ac_nonexistent.h: No such file or directory
 3149 | _ACEOF
      |          ^                 
compilation terminated.
configure:3156: $? = 1
configure: failed program was:
| #line 3141 "configure"
| /* confdefs.h.  */
| 
| #define PACKAGE_NAME ""
| #define PACKAGE_TARNAME ""
| #define PACKAGE_VERSION ""
| #define PACKAGE_STRING ""
| #define PACKAGE_BUGREPORT ""
| /* end confdefs.h.  */
| #include <ac_nonexistent.h>
configure:3194: result: cc -E
configure:3219: cc -E  conftest.c
configure:3225: $? = 0
configure:3257: cc -E  conftest.c
configure:3256:10: fatal error: ac_nonexistent.h: No such file or directory
 3256 | _ACEOF
      |          ^                 
compilation terminated.
configure:3263: $? = 1
configure: failed program was:
| #line 3248 "configure"
| /* confdefs.h.  */
| 
| #define PACKAGE_NAME ""
| #define PACKAGE_TARNAME ""
| #define PACKAGE_VERSION ""
| #define PACKAGE_STRING ""
| #define PACKAGE_BUGREPORT ""
| /* end confdefs.h.  */
| #include <ac_nonexistent.h>
configure:3306: checking for egrep
configure:3316: result: grep -E
configure:3321: checking for ANSI C header files
configure:3347: cc -c -O2 -fomit-frame-pointer -pipe   conftest.c >&5
configure:3350: $? = 0
configure:3353: test -s conftest.o
configure:3356: $? = 0
configure:3448: cc -o conftest -O2 -fomit-frame-pointer -pipe    conftest.c  >&5
configure: In function 'main':
configure:3441:7: warning: implicit declaration of function 'exit' [-Wimplicit-function-declaration]
 3441 |     if (XOR (islower (i), ISLOWER (i))
      |       ^~~~
configure:3425:1: note: include '<stdlib.h>' or provide a declaration of 'exit'
 3424 | #if ((' ' & 0x0FF) == 0x020)
  +++ |+#include <stdlib.h>
 3425 | # define ISLOWER(c) ('a' <= (c) && (c) <= 'z')
configure:3441:7: warning: incompatible implicit declaration of built-in function 'exit' [-Wbuiltin-declaration-mismatch]
 3441 |     if (XOR (islower (i), ISLOWER (i))
      |       ^~~~
configure:3441:7: note: include '<stdlib.h>' or provide a declaration of 'exit'
configure:3442:3: warning: incompatible implicit declaration of built-in function 'exit' [-Wbuiltin-declaration-mismatch]
 3442 |         || toupper (i) != TOUPPER (i))
      |   ^   
configure:3442:3: note: include '<stdlib.h>' or provide a declaration of 'exit'
configure:3451: $? = 0
configure:3453: ./conftest
configure:3456: $? = 0
configure:3471: result: yes
configure:3495: checking for sys/types.h
configure:3512: cc -c -O2 -fomit-frame-pointer -pipe   conftest.c >&5
configure:3515: $? = 0
configure:3518: test -s conftest.o
configure:3521: $? = 0
configure:3532: result: yes
configure:3495: checking for sys/stat.h
configure:3512: cc -c -O2 -fomit-frame-pointer -pipe   conftest.c >&5
configure:3515: $? = 0
configure:3518: test -s conftest.o
configure:3521: $? = 0
configure:3532: result: yes
configure:3495: checking for stdlib.h
configure:3512: cc -c -O2 -fomit-frame-pointer -pipe   conftest.c >&5
configure:3515: $? = 0
configure:3518: test -s conftest.o
configure:3521: $? = 0
configure:3532: result: yes
configure:3495: checking for string.h
configure:3512: cc -c -O2 -fomit-frame-pointer -pipe   conftest.c >&5
configure:3515: $? = 0
configure:3518: test -s conftest.o
configure:3521: $? = 0
configure:3532: result: yes
configure:3495: checking for memory.h
configure:3512: cc -c -O2 -fomit-frame-pointer -pipe   conftest.c >&5
configure:3515: $? = 0
configure:3518: test -s conftest.o
configure:3521: $? = 0
configure:3532: result: yes
configure:3495: checking for strings.h
configure:3512: cc -c -O2 -fomit-frame-pointer -pipe   conftest.c >&5
configure:3515: $? = 0
configure:3518: test -s conftest.o
configure:3521: $? = 0
configure:3532: result: yes
configure:3495: checking for inttypes.h
configure:3512: cc -c -O2 -fomit-frame-pointer -pipe   conftest.c >&5
configure:3515: $? = 0
configure:3518: test -s conftest.o
configure:3521: $? = 0
configure:3532: result: yes
configure:3495: checking for stdint.h
configure:3512: cc -c -O2 -fomit-frame-pointer -pipe   conftest.c >&5
configure:3515: $? = 0
configure:3518: test -s conftest.o
configure:3521: $? = 0
configure:3532: result: yes
configure:3495: checking for unistd.h
configure:3512: cc -c -O2 -fomit-frame-pointer -pipe   conftest.c >&5
configure:3515: $? = 0
configure:3518: test -s conftest.o
configure:3521: $? = 0
configure:3532: result: yes
configure:3558: checking dlfcn.h usability
configure:3571: cc -c -O2 -fomit-frame-pointer -pipe   conftest.c >&5
configure:3574: $? = 0
configure:3577: test -s conftest.o
configure:3580: $? = 0
configure:3590: result: yes
configure:3594: checking dlfcn.h presence
configure:3605: cc -E  conftest.c
configure:3611: $? = 0
configure:3630: result: yes
configure:3666: checking for dlfcn.h
configure:3673: result: yes
configure:3694: checking for file
configure:3749: result: /usr/bin/file
configure:3870: checking for ranlib
configure:3886: found /usr/bin/ranlib
configure:3897: result: ranlib
configure:3950: checking for strip
configure:3966: found /usr/bin/strip
configure:3977: result: strip
configure:4182: checking for objdir
configure:4193: result: .libs
configure:4214: checking for cc option to produce PIC
configure:4364: result: -fPIC
configure:4368: checking if cc PIC flag -fPIC works
configure:4392: cc -c -O2 -fomit-frame-pointer -pipe  -fPIC -DPIC  conftest.c >&5
configure:4395: $? = 0
configure:4398: test -s conftest.o
configure:4401: $? = 0
configure:4439: result: yes
configure:4459: checking if cc static flag -static works
configure:4484: cc -o conftest -O2 -fomit-frame-pointer -pipe    -static conftest.c  >&5
configure:4487: $? = 0
configure:4490: test -s conftest
configure:4493: $? = 0
configure:4509: result: yes
configure:4525: checking if cc supports -c -o file.o
configure:4552: cc -c -O2 -fomit-frame-pointer -pipe  -o out/conftest2.o  conftest.c >&5
configure:4569: result: yes
configure:4574: checking if cc supports -c -o file.lo
configure:4600: cc -c -O2 -fomit-frame-pointer -pipe  -c -o conftest.lo  conftest.c >&5
configure:4603: $? = 0
configure:4606: test -s conftest.o
configure:4609: $? = 1
configure: failed program was:
| #line 4583 "configure"
| /* confdefs.h.  */
| 
| #define PACKAGE_NAME ""
| #define PACKAGE_TARNAME ""
| #define PACKAGE_VERSION ""
| #define PACKAGE_STRING ""
| #define PACKAGE_BUGREPORT ""
| #define STDC_HEADERS 1
| #define HAVE_SYS_TYPES_H 1
| #define HAVE_SYS_STAT_H 1
| #define HAVE_STDLIB_H 1
| #define HAVE_STRING_H 1
| #define HAVE_MEMORY_H 1
| #define HAVE_STRINGS_H 1
| #define HAVE_INTTYPES_H 1
| #define HAVE_STDINT_H 1
| #define HAVE_UNISTD_H 1
| #define HAVE_DLFCN_H 1
| /* end confdefs.h.  */
| 
| int
| main ()
| {
| int some_variable = 0;
|   ;
|   return 0;
| }
configure:4630: result: 
configure:4669: checking if cc supports -fno-rtti -fno-exceptions
configure:4692: cc -c -O2 -fomit-frame-pointer -pipe  -fno-rtti -fno-exceptions -c conftest.c  conftest.c >&5
cc1: warning: command-line option '-fno-rtti' is valid for C++/D/ObjC++ but not for C
cc1: warning: command-line option '-fno-rtti' is valid for C++/D/ObjC++ but not for C
configure:4695: $? = 0
configure:4698: test -s conftest.o
configure:4701: $? = 0
configure:4718: result: yes
configure:4733: checking whether the linker (/usr/bin/ld) supports shared libraries
configure:5355: result: yes
configure:5364: checking how to hardcode library paths into programs
configure:5388: result: immediate
configure:5397: checking whether stripping libraries is possible
configure:5402: result: yes
configure:5417: checking dynamic linker characteristics
configure:5799: result: GNU/Linux ld.so
configure:5808: checking if libtool supports shared libraries
configure:5810: result: yes
configure:7049: checking for ANSI C header files
configure:7199: result: yes
configure:7223: checking limits.h usability
configure:7236: cc -c -O2 -fomit-frame-pointer -pipe   conftest.c >&5
configure:7239: $? = 0
configure:7242: test -s conftest.o
configure:7245: $? = 0
configure:7255: result: yes
configure:7259: checking limits.h presence
configure:7270: cc -E  conftest.c
configure:7276: $? = 0
configure:7295: result: yes
configure:7331: checking for limits.h
configure:7338: result: yes
configure:7353: checking for an ANSI C-conforming const
configure:7421: cc -c -O2 -fomit-frame-pointer -pipe   conftest.c >&5
configure:7424: $? = 0
configure:7427: test -s conftest.o
configure:7430: $? = 0
configure:7441: result: yes
configure:7451: checking for size_t
configure:7476: cc -c -O2 -fomit-frame-pointer -pipe   conftest.c >&5
configure:7479: $? = 0
configure:7482: test -s conftest.o
configure:7485: $? = 0
configure:7496: result: yes
configure:7516: checking for bcopy
configure:7566: cc -o conftest -O2 -fomit-frame-pointer -pipe    conftest.c  >&5
configure:7558:6: warning: conflicting types for built-in function 'bcopy'; expected 'void(const void *, void *, long unsigned int)' [-Wbuiltin-declaration-mismatch]
 7558 | main ()
      |      ^~   
configure:7569: $? = 0
configure:7572: test -s conftest
configure:7575: $? = 0
configure:7586: result: yes
configure:7516: checking for memmove
configure:7566: cc -o conftest -O2 -fomit-frame-pointer -pipe    conftest.c  >&5
configure:7559:6: warning: conflicting types for built-in function 'memmove'; expected 'void *(void *, const void *, long unsigned int)' [-Wbuiltin-declaration-mismatch]
 7559 | {
      |      ^      
configure:7549:1: note: 'memmove' is declared in header '<string.h>'
 7548 | #if defined (__stub_$ac_func) || defined (__stub___$ac_func)
  +++ |+#include <string.h>
 7549 | choke me
configure:7569: $? = 0
configure:7572: test -s conftest
configure:7575: $? = 0
configure:7586: result: yes
configure:7516: checking for strerror
configure:7566: cc -o conftest -O2 -fomit-frame-pointer -pipe    conftest.c  >&5
configure:7569: $? = 0
configure:7572: test -s conftest
configure:7575: $? = 0
configure:7586: result: yes
configure:7808: creating ./config.status

## ---------------------- ##
## Running config.status. ##
## ---------------------- ##

This file was extended by config.status, which was
generated by GNU Autoconf 2.57.  Invocation command line was

  CONFIG_FILES    = 
  CONFIG_HEADERS  = 
  CONFIG_LINKS    = 
  CONFIG_COMMANDS = 
  $ ./config.status 

on hiryu

config.status:662: creating Makefile
config.status:662: creating pcre.h
config.status:662: creating pcre-config
config.status:662: creating RunTest
config.status:766: creating config.h
config.status:981: executing default commands

## ---------------- ##
## Cache variables. ##
## ---------------- ##

ac_cv_build=x86_64-unknown-linux-gnu
ac_cv_build_alias=x86_64-unknown-linux-gnu
ac_cv_c_compiler_gnu=yes
ac_cv_c_const=yes
ac_cv_env_CC_set=set
ac_cv_env_CC_value=cc
ac_cv_env_CFLAGS_set=set
ac_cv_env_CFLAGS_value='-O2 -fomit-frame-pointer -pipe '
ac_cv_env_CPPFLAGS_set=
ac_cv_env_CPPFLAGS_value=
ac_cv_env_CPP_set=
ac_cv_env_CPP_value=
ac_cv_env_LDFLAGS_set=
ac_cv_env_LDFLAGS_value=
ac_cv_env_build_alias_set=
ac_cv_env_build_alias_value=
ac_cv_env_host_alias_set=
ac_cv_env_host_alias_value=
ac_cv_env_target_alias_set=
ac_cv_env_target_alias_value=
ac_cv_exeext=
ac_cv_func_bcopy=yes
ac_cv_func_memmove=yes
ac_cv_func_strerror=yes
ac_cv_header_dlfcn_h=yes
ac_cv_header_inttypes_h=yes
ac_cv_header_limits_h=yes
ac_cv_header_memory_h=yes
ac_cv_header_stdc=yes
ac_cv_header_stdint_h=yes
ac_cv_header_stdlib_h=yes
ac_cv_header_string_h=yes
ac_cv_header_strings_h=yes
ac_cv_header_sys_stat_h=yes
ac_cv_header_sys_types_h=yes
ac_cv_header_unistd_h=yes
ac_cv_host=x86_64-unknown-linux-gnu
ac_cv_host_alias=x86_64-unknown-linux-gnu
ac_cv_objext=o
ac_cv_path_install='/usr/bin/install -c'
ac_cv_prog_CPP='cc -E'
ac_cv_prog_ac_ct_CC=cc
ac_cv_prog_ac_ct_RANLIB=ranlib
ac_cv_prog_ac_ct_STRIP=strip
ac_cv_prog_cc_g=yes
ac_cv_prog_cc_stdc=
ac_cv_prog_egrep='grep -E'
ac_cv_type_size_t=yes
lt_cv_compiler_c_o=yes
lt_cv_compiler_o_lo=no
lt_cv_deplibs_check_method='file_magic ELF [0-9][0-9]*-bit [LM]SB (shared object|dynamic lib )'
lt_cv_file_magic_cmd='$MAGIC_CMD'
lt_cv_file_magic_test_file='/lib/libc.so* /lib/libc-*.so'
lt_cv_global_symbol_to_cdecl='sed -n -e '\''s/^. .* \(.*\)$/extern char \1;/p'\'''
lt_cv_ld_reload_flag=-r
lt_cv_path_LD=/usr/bin/ld
lt_cv_path_MAGIC_CMD=/usr/bin/file
lt_cv_path_NM='/usr/bin/nm -B'
lt_cv_prog_cc_can_build_shared=yes
lt_cv_prog_cc_no_builtin=
lt_cv_prog_cc_pic=' -fPIC'
lt_cv_prog_cc_pic_works=yes
lt_cv_prog_cc_shlib=
lt_cv_prog_cc_static=-static
lt_cv_prog_cc_static_works=yes
lt_cv_prog_cc_wl=-Wl,
lt_cv_prog_gnu_ld=yes
lt_cv_sys_global_symbol_pipe='sed -n -e '\''s/^.*[ 	]\([ABCDGISTW][ABCDGISTW]*\)[ 	][ 	]*\(\)\([_A-Za-z][_A-Za-z0-9]*\)$/\1 \2\3 \3/p'\'''

## ----------------- ##
## Output variables. ##
## ----------------- ##

BUILD_EXEEXT='$(EXEEXT)'
BUILD_OBJEXT='$(OBJEXT)'
CC='cc'
CC_FOR_BUILD='$(CC)'
CFLAGS='-O2 -fomit-frame-pointer -pipe '
CFLAGS_FOR_BUILD='$(CFLAGS)'
CPP='cc -E'
CPPFLAGS=''
DEFS='-DHAVE_CONFIG_H'
ECHO='echo'
ECHO_C=''
ECHO_N='-n'
ECHO_T=''
EGREP='grep -E'
EXEEXT=''
HAVE_MEMMOVE=''
HAVE_STRERROR=''
INSTALL_DATA='${INSTALL} -m 644'
INSTALL_PROGRAM='${INSTALL}'
INSTALL_SCRIPT='${INSTALL}'
LDFLAGS=''
LIBOBJS=''
LIBS=''
LIBTOOL='$(SHELL) $(top_builddir)/libtool'
LINK_SIZE=''
LN_S='ln -s'
LTLIBOBJS=''
MATCH_LIMIT=''
NEWLINE=''
NOT_ON_WINDOWS=''
OBJEXT='o'
ON_WINDOWS='#'
PACKAGE_BUGREPORT=''
PACKAGE_NAME=''
PACKAGE_STRING=''
PACKAGE_TARNAME=''
PACKAGE_VERSION=''
PATH_SEPARATOR=':'
PCRE_DATE='21-August-2003'
PCRE_LIB_VERSION='0:1:0'
PCRE_MAJOR='4'
PCRE_MINOR='4'
PCRE_POSIXLIB_VERSION='0:0:0'
PCRE_VERSION='4.4'
POSIX_LIB='libpcreposix.la'
POSIX_LOBJ=''
POSIX_MALLOC_THRESHOLD='-DPOSIX_MALLOC_THRESHOLD=10'
POSIX_OBJ=''
RANLIB='ranlib'
SHELL='/bin/bash'
STRIP='strip'
UTF8=''
WIN_PREFIX=''
ac_ct_CC='cc'
ac_ct_RANLIB='ranlib'
ac_ct_STRIP='strip'
bindir='${exec_prefix}/bin'
build='x86_64-unknown-linux-gnu'
build_alias=''
build_cpu='x86_64'
build_os='linux-gnu'
build_vendor='unknown'
datadir='${prefix}/share'
exec_prefix='${prefix}'
host='x86_64-unknown-linux-gnu'
host_alias=''
host_cpu='x86_64'
host_os='linux-gnu'
host_vendor='unknown'
includedir='${prefix}/include'
infodir='${prefix}/info'
libdir='${exec_prefix}/lib'
libexecdir='${exec_prefix}/libexec'
localstatedir='${prefix}/var'
mandir='${prefix}/man'
oldincludedir='/usr/include'
prefix='/usr/local'
program_transform_name='s,x,x,'
sbindir='${exec_prefix}/sbin'
sharedstatedir='${prefix}/com'
sysconfdir='${prefix}/etc'
target_alias=''

## ----------- ##
## confdefs.h. ##
## ----------- ##

#define HAVE_BCOPY 1
#define HAVE_DLFCN_H 1
#define HAVE_INTTYPES_H 1
#define HAVE_LIMITS_H 1
#define HAVE_MEMMOVE 1
#define HAVE_MEMORY_H 1
#define HAVE_STDINT_H 1
#define HAVE_STDLIB_H 1
#define HAVE_STRERROR 1
#define HAVE_STRINGS_H 1
#define HAVE_STRING_H 1
#define HAVE_SYS_STAT_H 1
#define HAVE_SYS_TYPES_H 1
#define HAVE_UNISTD_H 1
#define PACKAGE_BUGREPORT ""
#define PACKAGE_NAME ""
#define PACKAGE_STRING ""
#define PACKAGE_TARNAME ""
#define PACKAGE_VERSION ""
#define PCRE_STATIC 1
#define STDC_HEADERS 1
#define STDC_HEADERS 1

configure: exit 0
